<?xml version="1.0" encoding="UTF-8"?>
<!-- Generated by org.testng.reporters.JUnitXMLReporter -->
<testsuite ignored="0" hostname="DESKTOP-1ASD3IE" failures="0" tests="5" name="Test1" time="62.166" errors="0" timestamp="26 feb. 2023 11:57:50 GMT">
  <testcase classname="domesticJourneysSuite_BasicSearch_PositiveFlows.SearchWithCalendarPickedDateLastAllowedDay" name="searchWithCalendarPickedDate" time="6.555"/>
  <testcase classname="domesticJourneysSuite_BasicSearch_PositiveFlows.SearchWithCalendarPickedDateTomorrowTest" name="searchWithCalendarPickedDate" time="5.263"/>
  <testcase classname="domesticJourneysSuite_BasicSearch_PositiveFlows.SearchWithManuallyInsertedValuesForArrivalAndDepartureTest" name="SearchWithManuallyInsertedValuesForArrivalAndDeparture" time="4.478"/>
  <testcase classname="domesticJourneysSuite_BasicSearch_PositiveFlows.SearchWithMapPickedValuesForArrivalAndDepartureTest" name="SearchWithMapPickedValuesForArrivalAndDeparture" time="19.079"/>
  <testcase classname="domesticJourneysSuite_BasicSearch_PositiveFlows.SearchWithReverseStationsWidgetTest" name="searchWithReverseStationsWidget" time="2.358"/>
</testsuite> <!-- Test1 -->
