<?xml version="1.0" encoding="UTF-8"?>
<testng-results ignored="0" total="1" passed="0" failed="1" skipped="0">
  <reporter-output>
  </reporter-output>
  <suite started-at="2023-02-28T16:22:39Z" name="Default suite" finished-at="2023-02-28T16:22:58Z" duration-ms="18856">
    <groups>
    </groups>
    <test started-at="2023-02-28T16:22:39Z" name="Default test" finished-at="2023-02-28T16:22:58Z" duration-ms="18856">
      <class name="domesticJourneysSuite_BasicSearch_PositiveFlows.SearchWithManuallyInsertedValuesForArrivalAndDepartureTest">
        <test-method is-config="true" signature="setup()[pri:0, instance:domesticJourneysSuite_BasicSearch_PositiveFlows.SearchWithManuallyInsertedValuesForArrivalAndDepartureTest@482bce4f]" started-at="2023-02-28T18:22:39Z" name="setup" finished-at="2023-02-28T18:22:45Z" duration-ms="5947" status="PASS">
          <reporter-output>
          </reporter-output>
        </test-method> <!-- setup -->
        <test-method signature="SearchWithManuallyInsertedValuesForArrivalAndDeparture()[pri:0, instance:domesticJourneysSuite_BasicSearch_PositiveFlows.SearchWithManuallyInsertedValuesForArrivalAndDepartureTest@482bce4f]" started-at="2023-02-28T18:22:45Z" name="SearchWithManuallyInsertedValuesForArrivalAndDeparture" finished-at="2023-02-28T18:22:57Z" duration-ms="12074" status="FAIL">
          <exception class="org.openqa.selenium.TimeoutException">
            <message>
              <![CDATA[Expected condition failed: waiting for element to be clickable: By.xpath: //div[@id='div-results']//h2 (tried for 10 second(s) with 500 milliseconds interval)Build info: version: '4.5.0', revision: 'fe167b119a'System info: os.name: 'Windows 10', os.arch: 'amd64', os.version: '10.0', java.version: '11.0.2'Driver info: org.openqa.selenium.chrome.ChromeDriverCapabilities {acceptInsecureCerts: false, browserName: chrome, browserVersion: 110.0.5481.178, chrome: {chromedriverVersion: 110.0.5481.77 (65ed616c6e8e..., userDataDir: C:\Users\Valentin\AppData\L...}, goog:chromeOptions: {debuggerAddress: localhost:65040}, networkConnectionEnabled: false, pageLoadStrategy: normal, platformName: WINDOWS, proxy: Proxy(), se:cdp: ws://localhost:65040/devtoo..., se:cdpVersion: 110.0.5481.178, setWindowRect: true, strictFileInteractability: false, timeouts: {implicit: 0, pageLoad: 300000, script: 30000}, unhandledPromptBehavior: dismiss and notify, webauthn:extension:credBlob: true, webauthn:extension:largeBlob: true, webauthn:virtualAuthenticators: true}Session ID: d12b3fce6558b136188255628ba77343]]>
            </message>
            <full-stacktrace>
              <![CDATA[org.openqa.selenium.TimeoutException: Expected condition failed: waiting for element to be clickable: By.xpath: //div[@id='div-results']//h2 (tried for 10 second(s) with 500 milliseconds interval)Build info: version: '4.5.0', revision: 'fe167b119a'System info: os.name: 'Windows 10', os.arch: 'amd64', os.version: '10.0', java.version: '11.0.2'Driver info: org.openqa.selenium.chrome.ChromeDriverCapabilities {acceptInsecureCerts: false, browserName: chrome, browserVersion: 110.0.5481.178, chrome: {chromedriverVersion: 110.0.5481.77 (65ed616c6e8e..., userDataDir: C:\Users\Valentin\AppData\L...}, goog:chromeOptions: {debuggerAddress: localhost:65040}, networkConnectionEnabled: false, pageLoadStrategy: normal, platformName: WINDOWS, proxy: Proxy(), se:cdp: ws://localhost:65040/devtoo..., se:cdpVersion: 110.0.5481.178, setWindowRect: true, strictFileInteractability: false, timeouts: {implicit: 0, pageLoad: 300000, script: 30000}, unhandledPromptBehavior: dismiss and notify, webauthn:extension:credBlob: true, webauthn:extension:largeBlob: true, webauthn:virtualAuthenticators: true}Session ID: d12b3fce6558b136188255628ba77343at org.openqa.selenium.support.ui.WebDriverWait.timeoutException(WebDriverWait.java:87)at org.openqa.selenium.support.ui.FluentWait.until(FluentWait.java:231)at pageObjects.DomesticJourneysSearchResultsPage.validateSearchResultHeading(DomesticJourneysSearchResultsPage.java:92)at domesticJourneysSuite_BasicSearch_PositiveFlows.SearchWithManuallyInsertedValuesForArrivalAndDepartureTest.SearchWithManuallyInsertedValuesForArrivalAndDeparture(SearchWithManuallyInsertedValuesForArrivalAndDepartureTest.java:54)at java.base/jdk.internal.reflect.NativeMethodAccessorImpl.invoke0(Native Method)at java.base/jdk.internal.reflect.NativeMethodAccessorImpl.invoke(NativeMethodAccessorImpl.java:62)at java.base/jdk.internal.reflect.DelegatingMethodAccessorImpl.invoke(DelegatingMethodAccessorImpl.java:43)at java.base/java.lang.reflect.Method.invoke(Method.java:566)at org.testng.internal.MethodInvocationHelper.invokeMethod(MethodInvocationHelper.java:124)at org.testng.internal.Invoker.invokeMethod(Invoker.java:571)at org.testng.internal.Invoker.invokeTestMethod(Invoker.java:707)at org.testng.internal.Invoker.invokeTestMethods(Invoker.java:979)at org.testng.internal.TestMethodWorker.invokeTestMethods(TestMethodWorker.java:125)at org.testng.internal.TestMethodWorker.run(TestMethodWorker.java:109)at org.testng.TestRunner.privateRun(TestRunner.java:648)at org.testng.TestRunner.run(TestRunner.java:505)at org.testng.SuiteRunner.runTest(SuiteRunner.java:455)at org.testng.SuiteRunner.runSequentially(SuiteRunner.java:450)at org.testng.SuiteRunner.privateRun(SuiteRunner.java:415)at org.testng.SuiteRunner.run(SuiteRunner.java:364)at org.testng.SuiteRunnerWorker.runSuite(SuiteRunnerWorker.java:52)at org.testng.SuiteRunnerWorker.run(SuiteRunnerWorker.java:84)at org.testng.TestNG.runSuitesSequentially(TestNG.java:1187)at org.testng.TestNG.runSuitesLocally(TestNG.java:1116)at org.testng.TestNG.runSuites(TestNG.java:1028)at org.testng.TestNG.run(TestNG.java:996)at org.testng.remote.AbstractRemoteTestNG.run(AbstractRemoteTestNG.java:114)at org.testng.remote.RemoteTestNG.initAndRun(RemoteTestNG.java:251)at org.testng.remote.RemoteTestNG.main(RemoteTestNG.java:77)]]>
            </full-stacktrace>
          </exception> <!-- org.openqa.selenium.TimeoutException -->
          <reporter-output>
          </reporter-output>
        </test-method> <!-- SearchWithManuallyInsertedValuesForArrivalAndDeparture -->
        <test-method is-config="true" signature="tearDown()[pri:0, instance:domesticJourneysSuite_BasicSearch_PositiveFlows.SearchWithManuallyInsertedValuesForArrivalAndDepartureTest@482bce4f]" started-at="2023-02-28T18:22:57Z" name="tearDown" finished-at="2023-02-28T18:22:58Z" duration-ms="783" status="PASS">
          <reporter-output>
          </reporter-output>
        </test-method> <!-- tearDown -->
      </class> <!-- domesticJourneysSuite_BasicSearch_PositiveFlows.SearchWithManuallyInsertedValuesForArrivalAndDepartureTest -->
    </test> <!-- Default test -->
  </suite> <!-- Default suite -->
</testng-results>
